[2017-04-15 00:40:28] production.ERROR: exception 'Overtrue\Socialite\InvalidStateException' in /usr/local/nginx/html/m.hrwq.com/vendor/overtrue/socialite/src/Providers/AbstractProvider.php:170
Stack trace:
#0 /usr/local/nginx/html/m.hrwq.com/app/Http/Controllers/WechatController.php(27): Overtrue\Socialite\Providers\AbstractProvider->user()
#1 [internal function]: App\Http\Controllers\WechatController->auth(Object(Illuminate\Http\Request))
#2 /usr/local/nginx/html/m.hrwq.com/vendor/laravel/framework/src/Illuminate/Routing/Controller.php(256): call_user_func_array(Array, Array)
#3 /usr/local/nginx/html/m.hrwq.com/vendor/laravel/framework/src/Illuminate/Routing/ControllerDispatcher.php(164): Illuminate\Routing\Controller->callAction('auth', Array)
#4 /usr/local/nginx/html/m.hrwq.com/vendor/laravel/framework/src/Illuminate/Routing/ControllerDispatcher.php(112): Illuminate\Routing\ControllerDispatcher->call(Object(App\Http\Controllers\WechatController), Object(Illuminate\Routing\Route), 'auth')
#5 [internal function]: Illuminate\Routing\ControllerDispatcher->Illuminate\Routing\{closure}(Object(Illuminate\Http\Request))
#6 /usr/local/nginx/html/m.hrwq.com/vendor/laravel/framework/src/Illuminate/Pipeline/Pipeline.php(139): call_user_func(Object(Closure), Object(Illuminate\Http\Request))
#7 [internal function]: Illuminate\Pipeline\Pipeline->Illuminate\Pipeline\{closure}(Object(Illuminate\Http\Request))
#8 /usr/local/nginx/html/m.hrwq.com/vendor/laravel/framework/src/Illuminate/Pipeline/Pipeline.php(103): call_user_func(Object(Closure), Object(Illuminate\Http\Request))
#9 /usr/local/nginx/html/m.hrwq.com/vendor/laravel/framework/src/Illuminate/Routing/ControllerDispatcher.php(114): Illuminate\Pipeline\Pipeline->then(Object(Closure))
#10 /usr/local/nginx/html/m.hrwq.com/vendor/laravel/framework/src/Illuminate/Routing/ControllerDispatcher.php(69): Illuminate\Routing\ControllerDispatcher->callWithinStack(Object(App\Http\Controllers\WechatController), Object(Illuminate\Routing\Route), Object(Illuminate\Http\Request), 'auth')
#11 /usr/local/nginx/html/m.hrwq.com/vendor/laravel/framework/src/Illuminate/Routing/Route.php(203): Illuminate\Routing\ControllerDispatcher->dispatch(Object(Illuminate\Routing\Route), Object(Illuminate\Http\Request), 'App\\Http\\Contro...', 'auth')
#12 /usr/local/nginx/html/m.hrwq.com/vendor/laravel/framework/src/Illuminate/Routing/Route.php(134): Illuminate\Routing\Route->runWithCustomDispatcher(Object(Illuminate\Http\Request))
#13 /usr/local/nginx/html/m.hrwq.com/vendor/laravel/framework/src/Illuminate/Routing/Router.php(708): Illuminate\Routing\Route->run(Object(Illuminate\Http\Request))
#14 [internal function]: Illuminate\Routing\Router->Illuminate\Routing\{closure}(Object(Illuminate\Http\Request))
#15 /usr/local/nginx/html/m.hrwq.com/vendor/laravel/framework/src/Illuminate/Pipeline/Pipeline.php(139): call_user_func(Object(Closure), Object(Illuminate\Http\Request))
#16 [internal function]: Illuminate\Pipeline\Pipeline->Illuminate\Pipeline\{closure}(Object(Illuminate\Http\Request))
#17 /usr/local/nginx/html/m.hrwq.com/vendor/laravel/framework/src/Illuminate/Pipeline/Pipeline.php(103): call_user_func(Object(Closure), Object(Illuminate\Http\Request))
#18 /usr/local/nginx/html/m.hrwq.com/vendor/laravel/framework/src/Illuminate/Routing/Router.php(710): Illuminate\Pipeline\Pipeline->then(Object(Closure))
#19 /usr/local/nginx/html/m.hrwq.com/vendor/laravel/framework/src/Illuminate/Routing/Router.php(675): Illuminate\Routing\Router->runRouteWithinStack(Object(Illuminate\Routing\Route), Object(Illuminate\Http\Request))
#20 /usr/local/nginx/html/m.hrwq.com/vendor/laravel/framework/src/Illuminate/Routing/Router.php(635): Illuminate\Routing\Router->dispatchToRoute(Object(Illuminate\Http\Request))
#21 /usr/local/nginx/html/m.hrwq.com/vendor/laravel/framework/src/Illuminate/Foundation/Http/Kernel.php(236): Illuminate\Routing\Router->dispatch(Object(Illuminate\Http\Request))
#22 [internal function]: Illuminate\Foundation\Http\Kernel->Illuminate\Foundation\Http\{closure}(Object(Illuminate\Http\Request))
#23 /usr/local/nginx/html/m.hrwq.com/vendor/laravel/framework/src/Illuminate/Pipeline/Pipeline.php(139): call_user_func(Object(Closure), Object(Illuminate\Http\Request))
#24 /usr/local/nginx/html/m.hrwq.com/vendor/laravel/framework/src/Illuminate/Foundation/Http/Middleware/VerifyCsrfToken.php(50): Illuminate\Pipeline\Pipeline->Illuminate\Pipeline\{closure}(Object(Illuminate\Http\Request))
#25 [internal function]: Illuminate\Foundation\Http\Middleware\VerifyCsrfToken->handle(Object(Illuminate\Http\Request), Object(Closure))
#26 /usr/local/nginx/html/m.hrwq.com/vendor/laravel/framework/src/Illuminate/Pipeline/Pipeline.php(124): call_user_func_array(Array, Array)
#27 /usr/local/nginx/html/m.hrwq.com/vendor/laravel/framework/src/Illuminate/View/Middleware/ShareErrorsFromSession.php(49): Illuminate\Pipeline\Pipeline->Illuminate\Pipeline\{closure}(Object(Illuminate\Http\Request))
#28 [internal function]: Illuminate\View\Middleware\ShareErrorsFromSession->handle(Object(Illuminate\Http\Request), Object(Closure))
#29 /usr/local/nginx/html/m.hrwq.com/vendor/laravel/framework/src/Illuminate/Pipeline/Pipeline.php(124): call_user_func_array(Array, Array)
#30 /usr/local/nginx/html/m.hrwq.com/vendor/laravel/framework/src/Illuminate/Session/Middleware/StartSession.php(62): Illuminate\Pipeline\Pipeline->Illuminate\Pipeline\{closure}(Object(Illuminate\Http\Request))
#31 [internal function]: Illuminate\Session\Middleware\StartSession->handle(Object(Illuminate\Http\Request), Object(Closure))
#32 /usr/local/nginx/html/m.hrwq.com/vendor/laravel/framework/src/Illuminate/Pipeline/Pipeline.php(124): call_user_func_array(Array, Array)
#33 /usr/local/nginx/html/m.hrwq.com/vendor/laravel/framework/src/Illuminate/Cookie/Middleware/AddQueuedCookiesToResponse.php(37): Illuminate\Pipeline\Pipeline->Illuminate\Pipeline\{closure}(Object(Illuminate\Http\Request))
#34 [internal function]: Illuminate\Cookie\Middleware\AddQueuedCookiesToResponse->handle(Object(Illuminate\Http\Request), Object(Closure))
#35 /usr/local/nginx/html/m.hrwq.com/vendor/laravel/framework/src/Illuminate/Pipeline/Pipeline.php(124): call_user_func_array(Array, Array)
#36 /usr/local/nginx/html/m.hrwq.com/vendor/laravel/framework/src/Illuminate/Cookie/Middleware/EncryptCookies.php(59): Illuminate\Pipeline\Pipeline->Illuminate\Pipeline\{closure}(Object(Illuminate\Http\Request))
#37 [internal function]: Illuminate\Cookie\Middleware\EncryptCookies->handle(Object(Illuminate\Http\Request), Object(Closure))
#38 /usr/local/nginx/html/m.hrwq.com/vendor/laravel/framework/src/Illuminate/Pipeline/Pipeline.php(124): call_user_func_array(Array, Array)
#39 /usr/local/nginx/html/m.hrwq.com/vendor/laravel/framework/src/Illuminate/Foundation/Http/Middleware/CheckForMaintenanceMode.php(44): Illuminate\Pipeline\Pipeline->Illuminate\Pipeline\{closure}(Object(Illuminate\Http\Request))
#40 [internal function]: Illuminate\Foundation\Http\Middleware\CheckForMaintenanceMode->handle(Object(Illuminate\Http\Request), Object(Closure))
#41 /usr/local/nginx/html/m.hrwq.com/vendor/laravel/framework/src/Illuminate/Pipeline/Pipeline.php(124): call_user_func_array(Array, Array)
#42 [internal function]: Illuminate\Pipeline\Pipeline->Illuminate\Pipeline\{closure}(Object(Illuminate\Http\Request))
#43 /usr/local/nginx/html/m.hrwq.com/vendor/laravel/framework/src/Illuminate/Pipeline/Pipeline.php(103): call_user_func(Object(Closure), Object(Illuminate\Http\Request))
#44 /usr/local/nginx/html/m.hrwq.com/vendor/laravel/framework/src/Illuminate/Foundation/Http/Kernel.php(122): Illuminate\Pipeline\Pipeline->then(Object(Closure))
#45 /usr/local/nginx/html/m.hrwq.com/vendor/laravel/framework/src/Illuminate/Foundation/Http/Kernel.php(87): Illuminate\Foundation\Http\Kernel->sendRequestThroughRouter(Object(Illuminate\Http\Request))
#46 /usr/local/nginx/html/m.hrwq.com/public/index.php(54): Illuminate\Foundation\Http\Kernel->handle(Object(Illuminate\Http\Request))
#47 {main}  
[2017-04-15 07:18:27] production.DEBUG: http://m.hrwq.com/wechat/notify?s=%2Fwechat%2Fnotify  
[2017-04-15 07:18:27] production.DEBUG: {"appid":"wx564b0f968fb2e7b0","bank_type":"CFT","cash_fee":"990","fee_type":"CNY","is_subscribe":"N","mch_id":"1334760401","nonce_str":"58f158ae8bb54","openid":"ot3XZtz3NjbPYXNF5J9--oEEtz0E","out_trade_no":"02201704150718067574","result_code":"SUCCESS","return_code":"SUCCESS","sign":"B5867753391052A3F07352B3143A47C3","time_end":"20170415071827","total_fee":"990","trade_type":"JSAPI","transaction_id":"4004052001201704157042654993"}  
[2017-04-15 07:18:27] production.INFO: pay_notify_wechat ["02201704150718067574"] 
[2017-04-15 07:18:28] production.ERROR: exception 'EasyWeChat\Core\Exceptions\HttpException' with message 'require subscribe hint: [AhkOSa0908ge25]' in /usr/local/nginx/html/m.hrwq.com/vendor/overtrue/wechat/src/Core/AbstractAPI.php:235
Stack trace:
#0 /usr/local/nginx/html/m.hrwq.com/vendor/overtrue/wechat/src/Core/AbstractAPI.php(135): EasyWeChat\Core\AbstractAPI->checkAndThrow(Array)
#1 /usr/local/nginx/html/m.hrwq.com/vendor/overtrue/wechat/src/Notice/Notice.php(176): EasyWeChat\Core\AbstractAPI->parseJSON('json', Array)
#2 /usr/local/nginx/html/m.hrwq.com/app/Listeners/OrderEventListener.php(125): EasyWeChat\Notice\Notice->send()
#3 [internal function]: App\Listeners\OrderEventListener->onOrderPaid(Object(App\Events\OrderPaid))
#4 /usr/local/nginx/html/m.hrwq.com/vendor/laravel/framework/src/Illuminate/Events/Dispatcher.php(348): call_user_func_array(Array, Array)
#5 [internal function]: Illuminate\Events\Dispatcher->Illuminate\Events\{closure}(Object(App\Events\OrderPaid))
#6 /usr/local/nginx/html/m.hrwq.com/vendor/laravel/framework/src/Illuminate/Events/Dispatcher.php(221): call_user_func_array(Object(Closure), Array)
#7 /usr/local/nginx/html/m.hrwq.com/vendor/laravel/framework/src/Illuminate/Support/Facades/Facade.php(215): Illuminate\Events\Dispatcher->fire(Object(App\Events\OrderPaid))
#8 /usr/local/nginx/html/m.hrwq.com/app/Http/Controllers/WechatController.php(265): Illuminate\Support\Facades\Facade::__callStatic('fire', Array)
#9 /usr/local/nginx/html/m.hrwq.com/app/Http/Controllers/WechatController.php(265): Illuminate\Support\Facades\Event::fire(Object(App\Events\OrderPaid))
#10 [internal function]: App\Http\Controllers\WechatController->App\Http\Controllers\{closure}(Object(EasyWeChat\Support\Collection), true)
#11 /usr/local/nginx/html/m.hrwq.com/vendor/overtrue/wechat/src/Payment/Payment.php(103): call_user_func_array(Object(Closure), Array)
#12 /usr/local/nginx/html/m.hrwq.com/app/Http/Controllers/WechatController.php(270): EasyWeChat\Payment\Payment->handleNotify(Object(Closure))
#13 [internal function]: App\Http\Controllers\WechatController->notify()
#14 /usr/local/nginx/html/m.hrwq.com/vendor/laravel/framework/src/Illuminate/Routing/Controller.php(256): call_user_func_array(Array, Array)
#15 /usr/local/nginx/html/m.hrwq.com/vendor/laravel/framework/src/Illuminate/Routing/ControllerDispatcher.php(164): Illuminate\Routing\Controller->callAction('notify', Array)
#16 /usr/local/nginx/html/m.hrwq.com/vendor/laravel/framework/src/Illuminate/Routing/ControllerDispatcher.php(112): Illuminate\Routing\ControllerDispatcher->call(Object(App\Http\Controllers\WechatController), Object(Illuminate\Routing\Route), 'notify')
#17 [internal function]: Illuminate\Routing\ControllerDispatcher->Illuminate\Routing\{closure}(Object(Illuminate\Http\Request))
#18 /usr/local/nginx/html/m.hrwq.com/vendor/laravel/framework/src/Illuminate/Pipeline/Pipeline.php(139): call_user_func(Object(Closure), Object(Illuminate\Http\Request))
#19 [internal function]: Illuminate\Pipeline\Pipeline->Illuminate\Pipeline\{closure}(Object(Illuminate\Http\Request))
#20 /usr/local/nginx/html/m.hrwq.com/vendor/laravel/framework/src/Illuminate/Pipeline/Pipeline.php(103): call_user_func(Object(Closure), Object(Illuminate\Http\Request))
#21 /usr/local/nginx/html/m.hrwq.com/vendor/laravel/framework/src/Illuminate/Routing/ControllerDispatcher.php(114): Illuminate\Pipeline\Pipeline->then(Object(Closure))
#22 /usr/local/nginx/html/m.hrwq.com/vendor/laravel/framework/src/Illuminate/Routing/ControllerDispatcher.php(69): Illuminate\Routing\ControllerDispatcher->callWithinStack(Object(App\Http\Controllers\WechatController), Object(Illuminate\Routing\Route), Object(Illuminate\Http\Request), 'notify')
#23 /usr/local/nginx/html/m.hrwq.com/vendor/laravel/framework/src/Illuminate/Routing/Route.php(203): Illuminate\Routing\ControllerDispatcher->dispatch(Object(Illuminate\Routing\Route), Object(Illuminate\Http\Request), 'App\\Http\\Contro...', 'notify')
#24 /usr/local/nginx/html/m.hrwq.com/vendor/laravel/framework/src/Illuminate/Routing/Route.php(134): Illuminate\Routing\Route->runWithCustomDispatcher(Object(Illuminate\Http\Request))
#25 /usr/local/nginx/html/m.hrwq.com/vendor/laravel/framework/src/Illuminate/Routing/Router.php(708): Illuminate\Routing\Route->run(Object(Illuminate\Http\Request))
#26 [internal function]: Illuminate\Routing\Router->Illuminate\Routing\{closure}(Object(Illuminate\Http\Request))
#27 /usr/local/nginx/html/m.hrwq.com/vendor/laravel/framework/src/Illuminate/Pipeline/Pipeline.php(139): call_user_func(Object(Closure), Object(Illuminate\Http\Request))
#28 [internal function]: Illuminate\Pipeline\Pipeline->Illuminate\Pipeline\{closure}(Object(Illuminate\Http\Request))
#29 /usr/local/nginx/html/m.hrwq.com/vendor/laravel/framework/src/Illuminate/Pipeline/Pipeline.php(103): call_user_func(Object(Closure), Object(Illuminate\Http\Request))
#30 /usr/local/nginx/html/m.hrwq.com/vendor/laravel/framework/src/Illuminate/Routing/Router.php(710): Illuminate\Pipeline\Pipeline->then(Object(Closure))
#31 /usr/local/nginx/html/m.hrwq.com/vendor/laravel/framework/src/Illuminate/Routing/Router.php(675): Illuminate\Routing\Router->runRouteWithinStack(Object(Illuminate\Routing\Route), Object(Illuminate\Http\Request))
#32 /usr/local/nginx/html/m.hrwq.com/vendor/laravel/framework/src/Illuminate/Routing/Router.php(635): Illuminate\Routing\Router->dispatchToRoute(Object(Illuminate\Http\Request))
#33 /usr/local/nginx/html/m.hrwq.com/vendor/laravel/framework/src/Illuminate/Foundation/Http/Kernel.php(236): Illuminate\Routing\Router->dispatch(Object(Illuminate\Http\Request))
#34 [internal function]: Illuminate\Foundation\Http\Kernel->Illuminate\Foundation\Http\{closure}(Object(Illuminate\Http\Request))
#35 /usr/local/nginx/html/m.hrwq.com/vendor/laravel/framework/src/Illuminate/Pipeline/Pipeline.php(139): call_user_func(Object(Closure), Object(Illuminate\Http\Request))
#36 /usr/local/nginx/html/m.hrwq.com/vendor/laravel/framework/src/Illuminate/Foundation/Http/Middleware/VerifyCsrfToken.php(50): Illuminate\Pipeline\Pipeline->Illuminate\Pipeline\{closure}(Object(Illuminate\Http\Request))
#37 [internal function]: Illuminate\Foundation\Http\Middleware\VerifyCsrfToken->handle(Object(Illuminate\Http\Request), Object(Closure))
#38 /usr/local/nginx/html/m.hrwq.com/vendor/laravel/framework/src/Illuminate/Pipeline/Pipeline.php(124): call_user_func_array(Array, Array)
#39 /usr/local/nginx/html/m.hrwq.com/vendor/laravel/framework/src/Illuminate/View/Middleware/ShareErrorsFromSession.php(49): Illuminate\Pipeline\Pipeline->Illuminate\Pipeline\{closure}(Object(Illuminate\Http\Request))
#40 [internal function]: Illuminate\View\Middleware\ShareErrorsFromSession->handle(Object(Illuminate\Http\Request), Object(Closure))
#41 /usr/local/nginx/html/m.hrwq.com/vendor/laravel/framework/src/Illuminate/Pipeline/Pipeline.php(124): call_user_func_array(Array, Array)
#42 /usr/local/nginx/html/m.hrwq.com/vendor/laravel/framework/src/Illuminate/Session/Middleware/StartSession.php(62): Illuminate\Pipeline\Pipeline->Illuminate\Pipeline\{closure}(Object(Illuminate\Http\Request))
#43 [internal function]: Illuminate\Session\Middleware\StartSession->handle(Object(Illuminate\Http\Request), Object(Closure))
#44 /usr/local/nginx/html/m.hrwq.com/vendor/laravel/framework/src/Illuminate/Pipeline/Pipeline.php(124): call_user_func_array(Array, Array)
#45 /usr/local/nginx/html/m.hrwq.com/vendor/laravel/framework/src/Illuminate/Cookie/Middleware/AddQueuedCookiesToResponse.php(37): Illuminate\Pipeline\Pipeline->Illuminate\Pipeline\{closure}(Object(Illuminate\Http\Request))
#46 [internal function]: Illuminate\Cookie\Middleware\AddQueuedCookiesToResponse->handle(Object(Illuminate\Http\Request), Object(Closure))
#47 /usr/local/nginx/html/m.hrwq.com/vendor/laravel/framework/src/Illuminate/Pipeline/Pipeline.php(124): call_user_func_array(Array, Array)
#48 /usr/local/nginx/html/m.hrwq.com/vendor/laravel/framework/src/Illuminate/Cookie/Middleware/EncryptCookies.php(59): Illuminate\Pipeline\Pipeline->Illuminate\Pipeline\{closure}(Object(Illuminate\Http\Request))
#49 [internal function]: Illuminate\Cookie\Middleware\EncryptCookies->handle(Object(Illuminate\Http\Request), Object(Closure))
#50 /usr/local/nginx/html/m.hrwq.com/vendor/laravel/framework/src/Illuminate/Pipeline/Pipeline.php(124): call_user_func_array(Array, Array)
#51 /usr/local/nginx/html/m.hrwq.com/vendor/laravel/framework/src/Illuminate/Foundation/Http/Middleware/CheckForMaintenanceMode.php(44): Illuminate\Pipeline\Pipeline->Illuminate\Pipeline\{closure}(Object(Illuminate\Http\Request))
#52 [internal function]: Illuminate\Foundation\Http\Middleware\CheckForMaintenanceMode->handle(Object(Illuminate\Http\Request), Object(Closure))
#53 /usr/local/nginx/html/m.hrwq.com/vendor/laravel/framework/src/Illuminate/Pipeline/Pipeline.php(124): call_user_func_array(Array, Array)
#54 [internal function]: Illuminate\Pipeline\Pipeline->Illuminate\Pipeline\{closure}(Object(Illuminate\Http\Request))
#55 /usr/local/nginx/html/m.hrwq.com/vendor/laravel/framework/src/Illuminate/Pipeline/Pipeline.php(103): call_user_func(Object(Closure), Object(Illuminate\Http\Request))
#56 /usr/local/nginx/html/m.hrwq.com/vendor/laravel/framework/src/Illuminate/Foundation/Http/Kernel.php(122): Illuminate\Pipeline\Pipeline->then(Object(Closure))
#57 /usr/local/nginx/html/m.hrwq.com/vendor/laravel/framework/src/Illuminate/Foundation/Http/Kernel.php(87): Illuminate\Foundation\Http\Kernel->sendRequestThroughRouter(Object(Illuminate\Http\Request))
#58 /usr/local/nginx/html/m.hrwq.com/public/index.php(54): Illuminate\Foundation\Http\Kernel->handle(Object(Illuminate\Http\Request))
#59 {main}  
[2017-04-15 07:18:44] production.DEBUG: http://m.hrwq.com/wechat/notify?s=%2Fwechat%2Fnotify  
[2017-04-15 07:18:44] production.DEBUG: {"appid":"wx564b0f968fb2e7b0","bank_type":"CFT","cash_fee":"990","fee_type":"CNY","is_subscribe":"N","mch_id":"1334760401","nonce_str":"58f158ae8bb54","openid":"ot3XZtz3NjbPYXNF5J9--oEEtz0E","out_trade_no":"02201704150718067574","result_code":"SUCCESS","return_code":"SUCCESS","sign":"B5867753391052A3F07352B3143A47C3","time_end":"20170415071827","total_fee":"990","trade_type":"JSAPI","transaction_id":"4004052001201704157042654993"}  
[2017-04-15 07:18:44] production.INFO: pay_notify_wechat ["02201704150718067574"] 
[2017-04-15 07:19:00] production.DEBUG: http://m.hrwq.com/wechat/notify?s=%2Fwechat%2Fnotify  
[2017-04-15 07:19:00] production.DEBUG: {"appid":"wx564b0f968fb2e7b0","bank_type":"CFT","cash_fee":"990","fee_type":"CNY","is_subscribe":"N","mch_id":"1334760401","nonce_str":"58f158ae8bb54","openid":"ot3XZtz3NjbPYXNF5J9--oEEtz0E","out_trade_no":"02201704150718067574","result_code":"SUCCESS","return_code":"SUCCESS","sign":"B5867753391052A3F07352B3143A47C3","time_end":"20170415071827","total_fee":"990","trade_type":"JSAPI","transaction_id":"4004052001201704157042654993"}  
[2017-04-15 07:19:00] production.INFO: pay_notify_wechat ["02201704150718067574"] 
[2017-04-15 07:19:32] production.DEBUG: http://m.hrwq.com/wechat/notify?s=%2Fwechat%2Fnotify  
[2017-04-15 07:19:32] production.DEBUG: {"appid":"wx564b0f968fb2e7b0","bank_type":"CFT","cash_fee":"990","fee_type":"CNY","is_subscribe":"N","mch_id":"1334760401","nonce_str":"58f158ae8bb54","openid":"ot3XZtz3NjbPYXNF5J9--oEEtz0E","out_trade_no":"02201704150718067574","result_code":"SUCCESS","return_code":"SUCCESS","sign":"B5867753391052A3F07352B3143A47C3","time_end":"20170415071827","total_fee":"990","trade_type":"JSAPI","transaction_id":"4004052001201704157042654993"}  
[2017-04-15 07:19:32] production.INFO: pay_notify_wechat ["02201704150718067574"] 
[2017-04-15 07:22:33] production.DEBUG: http://m.hrwq.com/wechat/notify?s=%2Fwechat%2Fnotify  
[2017-04-15 07:22:33] production.DEBUG: {"appid":"wx564b0f968fb2e7b0","bank_type":"CFT","cash_fee":"990","fee_type":"CNY","is_subscribe":"N","mch_id":"1334760401","nonce_str":"58f158ae8bb54","openid":"ot3XZtz3NjbPYXNF5J9--oEEtz0E","out_trade_no":"02201704150718067574","result_code":"SUCCESS","return_code":"SUCCESS","sign":"B5867753391052A3F07352B3143A47C3","time_end":"20170415071827","total_fee":"990","trade_type":"JSAPI","transaction_id":"4004052001201704157042654993"}  
[2017-04-15 07:22:33] production.INFO: pay_notify_wechat ["02201704150718067574"] 
[2017-04-15 07:44:12] production.ERROR: exception 'Symfony\Component\Debug\Exception\FatalErrorException' with message 'Call to a member function toArray() on null' in /usr/local/nginx/html/m.hrwq.com/app/Support/helpers.php:189
Stack trace:
#0 {main}  
[2017-04-15 07:44:13] production.ERROR: exception 'Symfony\Component\Debug\Exception\FatalErrorException' with message 'Call to a member function toArray() on null' in /usr/local/nginx/html/m.hrwq.com/app/Support/helpers.php:189
Stack trace:
#0 {main}  
[2017-04-15 07:52:35] production.DEBUG: http://m.hrwq.com/wechat/notify?s=%2Fwechat%2Fnotify  
[2017-04-15 07:52:35] production.DEBUG: {"appid":"wx564b0f968fb2e7b0","bank_type":"CFT","cash_fee":"990","fee_type":"CNY","is_subscribe":"N","mch_id":"1334760401","nonce_str":"58f158ae8bb54","openid":"ot3XZtz3NjbPYXNF5J9--oEEtz0E","out_trade_no":"02201704150718067574","result_code":"SUCCESS","return_code":"SUCCESS","sign":"B5867753391052A3F07352B3143A47C3","time_end":"20170415071827","total_fee":"990","trade_type":"JSAPI","transaction_id":"4004052001201704157042654993"}  
[2017-04-15 07:52:35] production.INFO: pay_notify_wechat ["02201704150718067574"] 
[2017-04-15 08:22:37] production.DEBUG: http://m.hrwq.com/wechat/notify?s=%2Fwechat%2Fnotify  
[2017-04-15 08:22:37] production.DEBUG: {"appid":"wx564b0f968fb2e7b0","bank_type":"CFT","cash_fee":"990","fee_type":"CNY","is_subscribe":"N","mch_id":"1334760401","nonce_str":"58f158ae8bb54","openid":"ot3XZtz3NjbPYXNF5J9--oEEtz0E","out_trade_no":"02201704150718067574","result_code":"SUCCESS","return_code":"SUCCESS","sign":"B5867753391052A3F07352B3143A47C3","time_end":"20170415071827","total_fee":"990","trade_type":"JSAPI","transaction_id":"4004052001201704157042654993"}  
[2017-04-15 08:22:37] production.INFO: pay_notify_wechat ["02201704150718067574"] 
[2017-04-15 08:43:30] production.INFO: send sms to 18915878162: 尊敬的用户，您的手机验证码是：172480，请勿向任何单位或个人泄漏。  
[2017-04-15 08:43:30] production.INFO: 0  
[2017-04-15 08:52:39] production.DEBUG: http://m.hrwq.com/wechat/notify?s=%2Fwechat%2Fnotify  
[2017-04-15 08:52:39] production.DEBUG: {"appid":"wx564b0f968fb2e7b0","bank_type":"CFT","cash_fee":"990","fee_type":"CNY","is_subscribe":"N","mch_id":"1334760401","nonce_str":"58f158ae8bb54","openid":"ot3XZtz3NjbPYXNF5J9--oEEtz0E","out_trade_no":"02201704150718067574","result_code":"SUCCESS","return_code":"SUCCESS","sign":"B5867753391052A3F07352B3143A47C3","time_end":"20170415071827","total_fee":"990","trade_type":"JSAPI","transaction_id":"4004052001201704157042654993"}  
[2017-04-15 08:52:39] production.INFO: pay_notify_wechat ["02201704150718067574"] 
[2017-04-15 09:22:41] production.DEBUG: http://m.hrwq.com/wechat/notify?s=%2Fwechat%2Fnotify  
[2017-04-15 09:22:41] production.DEBUG: {"appid":"wx564b0f968fb2e7b0","bank_type":"CFT","cash_fee":"990","fee_type":"CNY","is_subscribe":"N","mch_id":"1334760401","nonce_str":"58f158ae8bb54","openid":"ot3XZtz3NjbPYXNF5J9--oEEtz0E","out_trade_no":"02201704150718067574","result_code":"SUCCESS","return_code":"SUCCESS","sign":"B5867753391052A3F07352B3143A47C3","time_end":"20170415071827","total_fee":"990","trade_type":"JSAPI","transaction_id":"4004052001201704157042654993"}  
[2017-04-15 09:22:41] production.INFO: pay_notify_wechat ["02201704150718067574"] 
[2017-04-15 10:22:44] production.DEBUG: http://m.hrwq.com/wechat/notify?s=%2Fwechat%2Fnotify  
[2017-04-15 10:22:44] production.DEBUG: {"appid":"wx564b0f968fb2e7b0","bank_type":"CFT","cash_fee":"990","fee_type":"CNY","is_subscribe":"N","mch_id":"1334760401","nonce_str":"58f158ae8bb54","openid":"ot3XZtz3NjbPYXNF5J9--oEEtz0E","out_trade_no":"02201704150718067574","result_code":"SUCCESS","return_code":"SUCCESS","sign":"B5867753391052A3F07352B3143A47C3","time_end":"20170415071827","total_fee":"990","trade_type":"JSAPI","transaction_id":"4004052001201704157042654993"}  
[2017-04-15 10:22:44] production.INFO: pay_notify_wechat ["02201704150718067574"] 
[2017-04-15 11:56:58] production.DEBUG: http://m.hrwq.com/wechat/notify?s=%2Fwechat%2Fnotify  
[2017-04-15 11:56:58] production.DEBUG: {"appid":"wx564b0f968fb2e7b0","bank_type":"ABC_DEBIT","cash_fee":"990","fee_type":"CNY","is_subscribe":"Y","mch_id":"1334760401","nonce_str":"58f199ff65c24","openid":"ot3XZt_o2ODk2vdFdIAtiZdSou9w","out_trade_no":"02201704151156473420","result_code":"SUCCESS","return_code":"SUCCESS","sign":"F03967B7469B3B0ACCD6812130CF2D85","time_end":"20170415115658","total_fee":"990","trade_type":"JSAPI","transaction_id":"4002762001201704157065773015"}  
[2017-04-15 11:56:58] production.INFO: pay_notify_wechat ["02201704151156473420"] 
[2017-04-15 14:57:50] production.DEBUG: http://m.hrwq.com/wechat/notify?s=%2Fwechat%2Fnotify  
[2017-04-15 14:57:50] production.DEBUG: {"appid":"wx564b0f968fb2e7b0","bank_type":"CFT","cash_fee":"990","fee_type":"CNY","is_subscribe":"Y","mch_id":"1334760401","nonce_str":"58f1c45bc51f2","openid":"ot3XZt4rqom7rX2orsCZaeRcg29k","out_trade_no":"02201704151457313217","result_code":"SUCCESS","return_code":"SUCCESS","sign":"5705D387568CA920D68F113935CFAF36","time_end":"20170415145750","total_fee":"990","trade_type":"JSAPI","transaction_id":"4001252001201704157091135578"}  
[2017-04-15 14:57:50] production.INFO: pay_notify_wechat ["02201704151457313217"] 
[2017-04-15 17:45:26] production.ERROR: exception 'ErrorException' with message 'Creating default object from empty value' in /usr/local/nginx/html/m.hrwq.com/app/Support/helpers.php:221
Stack trace:
#0 /usr/local/nginx/html/m.hrwq.com/app/Support/helpers.php(221): Illuminate\Foundation\Bootstrap\HandleExceptions->handleError(2, 'Creating defaul...', '/usr/local/ngin...', 221, Array)
#1 /usr/local/nginx/html/m.hrwq.com/app/Http/Controllers/UserController.php(272): set_audio_state(NULL)
#2 [internal function]: App\Http\Controllers\UserController->question()
#3 /usr/local/nginx/html/m.hrwq.com/vendor/laravel/framework/src/Illuminate/Routing/Controller.php(256): call_user_func_array(Array, Array)
#4 /usr/local/nginx/html/m.hrwq.com/vendor/laravel/framework/src/Illuminate/Routing/ControllerDispatcher.php(164): Illuminate\Routing\Controller->callAction('question', Array)
#5 /usr/local/nginx/html/m.hrwq.com/vendor/laravel/framework/src/Illuminate/Routing/ControllerDispatcher.php(112): Illuminate\Routing\ControllerDispatcher->call(Object(App\Http\Controllers\UserController), Object(Illuminate\Routing\Route), 'question')
#6 [internal function]: Illuminate\Routing\ControllerDispatcher->Illuminate\Routing\{closure}(Object(Illuminate\Http\Request))
#7 /usr/local/nginx/html/m.hrwq.com/vendor/laravel/framework/src/Illuminate/Pipeline/Pipeline.php(139): call_user_func(Object(Closure), Object(Illuminate\Http\Request))
#8 [internal function]: Illuminate\Pipeline\Pipeline->Illuminate\Pipeline\{closure}(Object(Illuminate\Http\Request))
#9 /usr/local/nginx/html/m.hrwq.com/vendor/laravel/framework/src/Illuminate/Pipeline/Pipeline.php(103): call_user_func(Object(Closure), Object(Illuminate\Http\Request))
#10 /usr/local/nginx/html/m.hrwq.com/vendor/laravel/framework/src/Illuminate/Routing/ControllerDispatcher.php(114): Illuminate\Pipeline\Pipeline->then(Object(Closure))
#11 /usr/local/nginx/html/m.hrwq.com/vendor/laravel/framework/src/Illuminate/Routing/ControllerDispatcher.php(69): Illuminate\Routing\ControllerDispatcher->callWithinStack(Object(App\Http\Controllers\UserController), Object(Illuminate\Routing\Route), Object(Illuminate\Http\Request), 'question')
#12 /usr/local/nginx/html/m.hrwq.com/vendor/laravel/framework/src/Illuminate/Routing/Route.php(203): Illuminate\Routing\ControllerDispatcher->dispatch(Object(Illuminate\Routing\Route), Object(Illuminate\Http\Request), 'App\\Http\\Contro...', 'question')
#13 /usr/local/nginx/html/m.hrwq.com/vendor/laravel/framework/src/Illuminate/Routing/Route.php(134): Illuminate\Routing\Route->runWithCustomDispatcher(Object(Illuminate\Http\Request))
#14 /usr/local/nginx/html/m.hrwq.com/vendor/laravel/framework/src/Illuminate/Routing/Router.php(708): Illuminate\Routing\Route->run(Object(Illuminate\Http\Request))
#15 [internal function]: Illuminate\Routing\Router->Illuminate\Routing\{closure}(Object(Illuminate\Http\Request))
#16 /usr/local/nginx/html/m.hrwq.com/vendor/laravel/framework/src/Illuminate/Pipeline/Pipeline.php(139): call_user_func(Object(Closure), Object(Illuminate\Http\Request))
#17 /usr/local/nginx/html/m.hrwq.com/app/Http/Middleware/FrontWechat.php(42): Illuminate\Pipeline\Pipeline->Illuminate\Pipeline\{closure}(Object(Illuminate\Http\Request))
#18 [internal function]: App\Http\Middleware\FrontWechat->handle(Object(Illuminate\Http\Request), Object(Closure))
#19 /usr/local/nginx/html/m.hrwq.com/vendor/laravel/framework/src/Illuminate/Pipeline/Pipeline.php(124): call_user_func_array(Array, Array)
#20 [internal function]: Illuminate\Pipeline\Pipeline->Illuminate\Pipeline\{closure}(Object(Illuminate\Http\Request))
#21 /usr/local/nginx/html/m.hrwq.com/vendor/laravel/framework/src/Illuminate/Pipeline/Pipeline.php(103): call_user_func(Object(Closure), Object(Illuminate\Http\Request))
#22 /usr/local/nginx/html/m.hrwq.com/vendor/laravel/framework/src/Illuminate/Routing/Router.php(710): Illuminate\Pipeline\Pipeline->then(Object(Closure))
#23 /usr/local/nginx/html/m.hrwq.com/vendor/laravel/framework/src/Illuminate/Routing/Router.php(675): Illuminate\Routing\Router->runRouteWithinStack(Object(Illuminate\Routing\Route), Object(Illuminate\Http\Request))
#24 /usr/local/nginx/html/m.hrwq.com/vendor/laravel/framework/src/Illuminate/Routing/Router.php(635): Illuminate\Routing\Router->dispatchToRoute(Object(Illuminate\Http\Request))
#25 /usr/local/nginx/html/m.hrwq.com/vendor/laravel/framework/src/Illuminate/Foundation/Http/Kernel.php(236): Illuminate\Routing\Router->dispatch(Object(Illuminate\Http\Request))
#26 [internal function]: Illuminate\Foundation\Http\Kernel->Illuminate\Foundation\Http\{closure}(Object(Illuminate\Http\Request))
#27 /usr/local/nginx/html/m.hrwq.com/vendor/laravel/framework/src/Illuminate/Pipeline/Pipeline.php(139): call_user_func(Object(Closure), Object(Illuminate\Http\Request))
#28 /usr/local/nginx/html/m.hrwq.com/vendor/laravel/framework/src/Illuminate/Foundation/Http/Middleware/VerifyCsrfToken.php(50): Illuminate\Pipeline\Pipeline->Illuminate\Pipeline\{closure}(Object(Illuminate\Http\Request))
#29 [internal function]: Illuminate\Foundation\Http\Middleware\VerifyCsrfToken->handle(Object(Illuminate\Http\Request), Object(Closure))
#30 /usr/local/nginx/html/m.hrwq.com/vendor/laravel/framework/src/Illuminate/Pipeline/Pipeline.php(124): call_user_func_array(Array, Array)
#31 /usr/local/nginx/html/m.hrwq.com/vendor/laravel/framework/src/Illuminate/View/Middleware/ShareErrorsFromSession.php(49): Illuminate\Pipeline\Pipeline->Illuminate\Pipeline\{closure}(Object(Illuminate\Http\Request))
#32 [internal function]: Illuminate\View\Middleware\ShareErrorsFromSession->handle(Object(Illuminate\Http\Request), Object(Closure))
#33 /usr/local/nginx/html/m.hrwq.com/vendor/laravel/framework/src/Illuminate/Pipeline/Pipeline.php(124): call_user_func_array(Array, Array)
#34 /usr/local/nginx/html/m.hrwq.com/vendor/laravel/framework/src/Illuminate/Session/Middleware/StartSession.php(62): Illuminate\Pipeline\Pipeline->Illuminate\Pipeline\{closure}(Object(Illuminate\Http\Request))
#35 [internal function]: Illuminate\Session\Middleware\StartSession->handle(Object(Illuminate\Http\Request), Object(Closure))
#36 /usr/local/nginx/html/m.hrwq.com/vendor/laravel/framework/src/Illuminate/Pipeline/Pipeline.php(124): call_user_func_array(Array, Array)
#37 /usr/local/nginx/html/m.hrwq.com/vendor/laravel/framework/src/Illuminate/Cookie/Middleware/AddQueuedCookiesToResponse.php(37): Illuminate\Pipeline\Pipeline->Illuminate\Pipeline\{closure}(Object(Illuminate\Http\Request))
#38 [internal function]: Illuminate\Cookie\Middleware\AddQueuedCookiesToResponse->handle(Object(Illuminate\Http\Request), Object(Closure))
#39 /usr/local/nginx/html/m.hrwq.com/vendor/laravel/framework/src/Illuminate/Pipeline/Pipeline.php(124): call_user_func_array(Array, Array)
#40 /usr/local/nginx/html/m.hrwq.com/vendor/laravel/framework/src/Illuminate/Cookie/Middleware/EncryptCookies.php(59): Illuminate\Pipeline\Pipeline->Illuminate\Pipeline\{closure}(Object(Illuminate\Http\Request))
#41 [internal function]: Illuminate\Cookie\Middleware\EncryptCookies->handle(Object(Illuminate\Http\Request), Object(Closure))
#42 /usr/local/nginx/html/m.hrwq.com/vendor/laravel/framework/src/Illuminate/Pipeline/Pipeline.php(124): call_user_func_array(Array, Array)
#43 /usr/local/nginx/html/m.hrwq.com/vendor/laravel/framework/src/Illuminate/Foundation/Http/Middleware/CheckForMaintenanceMode.php(44): Illuminate\Pipeline\Pipeline->Illuminate\Pipeline\{closure}(Object(Illuminate\Http\Request))
#44 [internal function]: Illuminate\Foundation\Http\Middleware\CheckForMaintenanceMode->handle(Object(Illuminate\Http\Request), Object(Closure))
#45 /usr/local/nginx/html/m.hrwq.com/vendor/laravel/framework/src/Illuminate/Pipeline/Pipeline.php(124): call_user_func_array(Array, Array)
#46 [internal function]: Illuminate\Pipeline\Pipeline->Illuminate\Pipeline\{closure}(Object(Illuminate\Http\Request))
#47 /usr/local/nginx/html/m.hrwq.com/vendor/laravel/framework/src/Illuminate/Pipeline/Pipeline.php(103): call_user_func(Object(Closure), Object(Illuminate\Http\Request))
#48 /usr/local/nginx/html/m.hrwq.com/vendor/laravel/framework/src/Illuminate/Foundation/Http/Kernel.php(122): Illuminate\Pipeline\Pipeline->then(Object(Closure))
#49 /usr/local/nginx/html/m.hrwq.com/vendor/laravel/framework/src/Illuminate/Foundation/Http/Kernel.php(87): Illuminate\Foundation\Http\Kernel->sendRequestThroughRouter(Object(Illuminate\Http\Request))
#50 /usr/local/nginx/html/m.hrwq.com/public/index.php(54): Illuminate\Foundation\Http\Kernel->handle(Object(Illuminate\Http\Request))
#51 {main}  
[2017-04-15 18:50:07] production.DEBUG: http://m.hrwq.com/wechat/notify?s=%2Fwechat%2Fnotify  
[2017-04-15 18:50:07] production.DEBUG: {"appid":"wx564b0f968fb2e7b0","bank_type":"CFT","cash_fee":"960","fee_type":"CNY","is_subscribe":"Y","mch_id":"1334760401","nonce_str":"58f1facb868a1","openid":"ot3XZt8cRs0CpqxYRRSb4s6Ssxxs","out_trade_no":"02201704151849472063","result_code":"SUCCESS","return_code":"SUCCESS","sign":"8BF6E97283D250136D1E21F69EDEA899","time_end":"20170415185006","total_fee":"960","trade_type":"JSAPI","transaction_id":"4009732001201704157122484293"}  
[2017-04-15 18:50:07] production.INFO: pay_notify_wechat ["02201704151849472063"] 
[2017-04-15 19:31:19] production.DEBUG: http://m.hrwq.com/wechat/notify?s=%2Fwechat%2Fnotify  
[2017-04-15 19:31:19] production.DEBUG: {"appid":"wx564b0f968fb2e7b0","bank_type":"ICBC_DEBIT","cash_fee":"920","fee_type":"CNY","is_subscribe":"Y","mch_id":"1334760401","nonce_str":"58f2047be35c5","openid":"ot3XZt-z-3d09AgN9qhHmRV0zMM4","out_trade_no":"02201704151931078585","result_code":"SUCCESS","return_code":"SUCCESS","sign":"3FFC4B36E89152D7EA236D81DA63CE62","time_end":"20170415193118","total_fee":"920","trade_type":"JSAPI","transaction_id":"4005452001201704157122093210"}  
[2017-04-15 19:31:19] production.INFO: pay_notify_wechat ["02201704151931078585"] 
[2017-04-15 19:58:21] production.INFO: send sms to 13688366620: 尊敬的用户，您的手机验证码是：263772，请勿向任何单位或个人泄漏。  
[2017-04-15 19:58:21] production.INFO: 0  
[2017-04-15 20:37:11] production.ERROR: exception 'Symfony\Component\Debug\Exception\FatalErrorException' with message 'Call to a member function toArray() on null' in /usr/local/nginx/html/m.hrwq.com/app/Support/helpers.php:189
Stack trace:
#0 {main}  
[2017-04-15 20:37:13] production.ERROR: exception 'Symfony\Component\Debug\Exception\FatalErrorException' with message 'Call to a member function toArray() on null' in /usr/local/nginx/html/m.hrwq.com/app/Support/helpers.php:189
Stack trace:
#0 {main}  
[2017-04-15 21:37:05] production.ERROR: exception 'Symfony\Component\Debug\Exception\FatalErrorException' with message 'Call to a member function toArray() on null' in /usr/local/nginx/html/m.hrwq.com/app/Support/helpers.php:189
Stack trace:
#0 {main}  
[2017-04-15 21:37:05] production.ERROR: exception 'Symfony\Component\Debug\Exception\FatalErrorException' with message 'Call to a member function toArray() on null' in /usr/local/nginx/html/m.hrwq.com/app/Support/helpers.php:189
Stack trace:
#0 {main}  
[2017-04-15 21:37:14] production.ERROR: exception 'Symfony\Component\Debug\Exception\FatalErrorException' with message 'Call to a member function toArray() on null' in /usr/local/nginx/html/m.hrwq.com/app/Support/helpers.php:189
Stack trace:
#0 {main}  
[2017-04-15 21:37:15] production.ERROR: exception 'Symfony\Component\Debug\Exception\FatalErrorException' with message 'Call to a member function toArray() on null' in /usr/local/nginx/html/m.hrwq.com/app/Support/helpers.php:189
Stack trace:
#0 {main}  
[2017-04-15 21:37:18] production.ERROR: exception 'Symfony\Component\Debug\Exception\FatalErrorException' with message 'Call to a member function toArray() on null' in /usr/local/nginx/html/m.hrwq.com/app/Support/helpers.php:189
Stack trace:
#0 {main}  
[2017-04-15 21:37:18] production.ERROR: exception 'Symfony\Component\Debug\Exception\FatalErrorException' with message 'Call to a member function toArray() on null' in /usr/local/nginx/html/m.hrwq.com/app/Support/helpers.php:189
Stack trace:
#0 {main}  
[2017-04-15 21:37:55] production.ERROR: exception 'Symfony\Component\Debug\Exception\FatalErrorException' with message 'Call to a member function toArray() on null' in /usr/local/nginx/html/m.hrwq.com/app/Support/helpers.php:189
Stack trace:
#0 {main}  
[2017-04-15 21:38:04] production.ERROR: exception 'Symfony\Component\Debug\Exception\FatalErrorException' with message 'Call to a member function toArray() on null' in /usr/local/nginx/html/m.hrwq.com/app/Support/helpers.php:189
Stack trace:
#0 {main}  
[2017-04-15 21:38:05] production.ERROR: exception 'Symfony\Component\Debug\Exception\FatalErrorException' with message 'Call to a member function toArray() on null' in /usr/local/nginx/html/m.hrwq.com/app/Support/helpers.php:189
Stack trace:
#0 {main}  
[2017-04-15 21:38:17] production.ERROR: exception 'Symfony\Component\Debug\Exception\FatalErrorException' with message 'Call to a member function toArray() on null' in /usr/local/nginx/html/m.hrwq.com/app/Support/helpers.php:189
Stack trace:
#0 {main}  
[2017-04-15 21:38:18] production.ERROR: exception 'Symfony\Component\Debug\Exception\FatalErrorException' with message 'Call to a member function toArray() on null' in /usr/local/nginx/html/m.hrwq.com/app/Support/helpers.php:189
Stack trace:
#0 {main}  
[2017-04-15 21:39:03] production.ERROR: exception 'Symfony\Component\Debug\Exception\FatalErrorException' with message 'Call to a member function toArray() on null' in /usr/local/nginx/html/m.hrwq.com/app/Support/helpers.php:189
Stack trace:
#0 {main}  
[2017-04-15 22:32:18] production.DEBUG: http://m.hrwq.com/wechat/notify?s=%2Fwechat%2Fnotify  
[2017-04-15 22:32:18] production.DEBUG: {"appid":"wx564b0f968fb2e7b0","bank_type":"CCB_DEBIT","cash_fee":"690","fee_type":"CNY","is_subscribe":"Y","mch_id":"1334760401","nonce_str":"58f22ee8819c6","openid":"ot3XZt6rY8XCjp_b26OpA7U_LS5A","out_trade_no":"02201704152232081783","result_code":"SUCCESS","return_code":"SUCCESS","sign":"50D8C72F3B86B7E4DD25B4A2A6E98A7A","time_end":"20170415223217","total_fee":"690","trade_type":"JSAPI","transaction_id":"4007322001201704157149546827"}  
[2017-04-15 22:32:18] production.INFO: pay_notify_wechat ["02201704152232081783"] 
[2017-04-15 22:32:44] production.ERROR: exception 'Symfony\Component\Debug\Exception\FatalErrorException' with message 'Call to a member function toArray() on null' in /usr/local/nginx/html/m.hrwq.com/app/Support/helpers.php:189
Stack trace:
#0 {main}  
[2017-04-15 22:32:44] production.ERROR: exception 'Symfony\Component\Debug\Exception\FatalErrorException' with message 'Call to a member function toArray() on null' in /usr/local/nginx/html/m.hrwq.com/app/Support/helpers.php:189
Stack trace:
#0 {main}  
[2017-04-15 23:33:02] production.ERROR: exception 'Symfony\Component\Debug\Exception\FatalErrorException' with message 'Call to a member function toArray() on null' in /usr/local/nginx/html/m.hrwq.com/app/Support/helpers.php:189
Stack trace:
#0 {main}  
[2017-04-15 23:33:02] production.ERROR: exception 'Symfony\Component\Debug\Exception\FatalErrorException' with message 'Call to a member function toArray() on null' in /usr/local/nginx/html/m.hrwq.com/app/Support/helpers.php:189
Stack trace:
#0 {main}  
[2017-04-15 23:33:03] production.ERROR: exception 'Symfony\Component\Debug\Exception\FatalErrorException' with message 'Call to a member function toArray() on null' in /usr/local/nginx/html/m.hrwq.com/app/Support/helpers.php:189
Stack trace:
#0 {main}  
[2017-04-15 23:33:03] production.ERROR: exception 'Symfony\Component\Debug\Exception\FatalErrorException' with message 'Call to a member function toArray() on null' in /usr/local/nginx/html/m.hrwq.com/app/Support/helpers.php:189
Stack trace:
#0 {main}  
[2017-04-15 23:33:18] production.ERROR: exception 'Symfony\Component\Debug\Exception\FatalErrorException' with message 'Call to a member function toArray() on null' in /usr/local/nginx/html/m.hrwq.com/app/Support/helpers.php:189
Stack trace:
#0 {main}  
[2017-04-15 23:33:19] production.ERROR: exception 'Symfony\Component\Debug\Exception\FatalErrorException' with message 'Call to a member function toArray() on null' in /usr/local/nginx/html/m.hrwq.com/app/Support/helpers.php:189
Stack trace:
#0 {main}  
[2017-04-15 23:33:19] production.ERROR: exception 'Symfony\Component\Debug\Exception\FatalErrorException' with message 'Call to a member function toArray() on null' in /usr/local/nginx/html/m.hrwq.com/app/Support/helpers.php:189
Stack trace:
#0 {main}  
[2017-04-15 23:33:19] production.ERROR: exception 'Symfony\Component\Debug\Exception\FatalErrorException' with message 'Call to a member function toArray() on null' in /usr/local/nginx/html/m.hrwq.com/app/Support/helpers.php:189
Stack trace:
#0 {main}  
[2017-04-15 23:33:22] production.ERROR: exception 'Symfony\Component\Debug\Exception\FatalErrorException' with message 'Call to a member function toArray() on null' in /usr/local/nginx/html/m.hrwq.com/app/Support/helpers.php:189
Stack trace:
#0 {main}  
[2017-04-15 23:33:22] production.ERROR: exception 'Symfony\Component\Debug\Exception\FatalErrorException' with message 'Call to a member function toArray() on null' in /usr/local/nginx/html/m.hrwq.com/app/Support/helpers.php:189
Stack trace:
#0 {main}  
[2017-04-15 23:33:23] production.ERROR: exception 'Symfony\Component\Debug\Exception\FatalErrorException' with message 'Call to a member function toArray() on null' in /usr/local/nginx/html/m.hrwq.com/app/Support/helpers.php:189
Stack trace:
#0 {main}  
[2017-04-15 23:33:23] production.ERROR: exception 'Symfony\Component\Debug\Exception\FatalErrorException' with message 'Call to a member function toArray() on null' in /usr/local/nginx/html/m.hrwq.com/app/Support/helpers.php:189
Stack trace:
#0 {main}  
[2017-04-15 23:33:43] production.ERROR: exception 'Symfony\Component\Debug\Exception\FatalErrorException' with message 'Call to a member function toArray() on null' in /usr/local/nginx/html/m.hrwq.com/app/Support/helpers.php:189
Stack trace:
#0 {main}  
[2017-04-15 23:33:44] production.ERROR: exception 'Symfony\Component\Debug\Exception\FatalErrorException' with message 'Call to a member function toArray() on null' in /usr/local/nginx/html/m.hrwq.com/app/Support/helpers.php:189
Stack trace:
#0 {main}  
[2017-04-15 23:34:03] production.ERROR: exception 'Symfony\Component\Debug\Exception\FatalErrorException' with message 'Call to a member function toArray() on null' in /usr/local/nginx/html/m.hrwq.com/app/Support/helpers.php:189
Stack trace:
#0 {main}  
