[2017-04-16 07:13:06] production.ERROR: exception 'Illuminate\Session\TokenMismatchException' in /usr/local/nginx/html/m.hrwq.com/vendor/laravel/framework/src/Illuminate/Foundation/Http/Middleware/VerifyCsrfToken.php:53
Stack trace:
#0 [internal function]: Illuminate\Foundation\Http\Middleware\VerifyCsrfToken->handle(Object(Illuminate\Http\Request), Object(Closure))
#1 /usr/local/nginx/html/m.hrwq.com/vendor/laravel/framework/src/Illuminate/Pipeline/Pipeline.php(124): call_user_func_array(Array, Array)
#2 /usr/local/nginx/html/m.hrwq.com/vendor/laravel/framework/src/Illuminate/View/Middleware/ShareErrorsFromSession.php(49): Illuminate\Pipeline\Pipeline->Illuminate\Pipeline\{closure}(Object(Illuminate\Http\Request))
#3 [internal function]: Illuminate\View\Middleware\ShareErrorsFromSession->handle(Object(Illuminate\Http\Request), Object(Closure))
#4 /usr/local/nginx/html/m.hrwq.com/vendor/laravel/framework/src/Illuminate/Pipeline/Pipeline.php(124): call_user_func_array(Array, Array)
#5 /usr/local/nginx/html/m.hrwq.com/vendor/laravel/framework/src/Illuminate/Session/Middleware/StartSession.php(62): Illuminate\Pipeline\Pipeline->Illuminate\Pipeline\{closure}(Object(Illuminate\Http\Request))
#6 [internal function]: Illuminate\Session\Middleware\StartSession->handle(Object(Illuminate\Http\Request), Object(Closure))
#7 /usr/local/nginx/html/m.hrwq.com/vendor/laravel/framework/src/Illuminate/Pipeline/Pipeline.php(124): call_user_func_array(Array, Array)
#8 /usr/local/nginx/html/m.hrwq.com/vendor/laravel/framework/src/Illuminate/Cookie/Middleware/AddQueuedCookiesToResponse.php(37): Illuminate\Pipeline\Pipeline->Illuminate\Pipeline\{closure}(Object(Illuminate\Http\Request))
#9 [internal function]: Illuminate\Cookie\Middleware\AddQueuedCookiesToResponse->handle(Object(Illuminate\Http\Request), Object(Closure))
#10 /usr/local/nginx/html/m.hrwq.com/vendor/laravel/framework/src/Illuminate/Pipeline/Pipeline.php(124): call_user_func_array(Array, Array)
#11 /usr/local/nginx/html/m.hrwq.com/vendor/laravel/framework/src/Illuminate/Cookie/Middleware/EncryptCookies.php(59): Illuminate\Pipeline\Pipeline->Illuminate\Pipeline\{closure}(Object(Illuminate\Http\Request))
#12 [internal function]: Illuminate\Cookie\Middleware\EncryptCookies->handle(Object(Illuminate\Http\Request), Object(Closure))
#13 /usr/local/nginx/html/m.hrwq.com/vendor/laravel/framework/src/Illuminate/Pipeline/Pipeline.php(124): call_user_func_array(Array, Array)
#14 /usr/local/nginx/html/m.hrwq.com/vendor/laravel/framework/src/Illuminate/Foundation/Http/Middleware/CheckForMaintenanceMode.php(44): Illuminate\Pipeline\Pipeline->Illuminate\Pipeline\{closure}(Object(Illuminate\Http\Request))
#15 [internal function]: Illuminate\Foundation\Http\Middleware\CheckForMaintenanceMode->handle(Object(Illuminate\Http\Request), Object(Closure))
#16 /usr/local/nginx/html/m.hrwq.com/vendor/laravel/framework/src/Illuminate/Pipeline/Pipeline.php(124): call_user_func_array(Array, Array)
#17 [internal function]: Illuminate\Pipeline\Pipeline->Illuminate\Pipeline\{closure}(Object(Illuminate\Http\Request))
#18 /usr/local/nginx/html/m.hrwq.com/vendor/laravel/framework/src/Illuminate/Pipeline/Pipeline.php(103): call_user_func(Object(Closure), Object(Illuminate\Http\Request))
#19 /usr/local/nginx/html/m.hrwq.com/vendor/laravel/framework/src/Illuminate/Foundation/Http/Kernel.php(122): Illuminate\Pipeline\Pipeline->then(Object(Closure))
#20 /usr/local/nginx/html/m.hrwq.com/vendor/laravel/framework/src/Illuminate/Foundation/Http/Kernel.php(87): Illuminate\Foundation\Http\Kernel->sendRequestThroughRouter(Object(Illuminate\Http\Request))
#21 /usr/local/nginx/html/m.hrwq.com/public/index.php(54): Illuminate\Foundation\Http\Kernel->handle(Object(Illuminate\Http\Request))
#22 {main}  
[2017-04-16 08:02:21] production.ERROR: exception 'Symfony\Component\Debug\Exception\FatalErrorException' with message 'Call to a member function toArray() on null' in /usr/local/nginx/html/m.hrwq.com/app/Support/helpers.php:189
Stack trace:
#0 {main}  
[2017-04-16 08:02:21] production.ERROR: exception 'Symfony\Component\Debug\Exception\FatalErrorException' with message 'Call to a member function toArray() on null' in /usr/local/nginx/html/m.hrwq.com/app/Support/helpers.php:189
Stack trace:
#0 {main}  
[2017-04-16 08:33:07] production.DEBUG: http://m.hrwq.com/wechat/notify?s=%2Fwechat%2Fnotify  
[2017-04-16 08:33:07] production.DEBUG: {"appid":"wx564b0f968fb2e7b0","bank_type":"BOC_DEBIT","cash_fee":"990","fee_type":"CNY","is_subscribe":"Y","mch_id":"1334760401","nonce_str":"58f2bbbb4c93b","openid":"ot3XZt5yDsjss_Tv_tQxsLdqhsT4","out_trade_no":"02201704160832103895","result_code":"SUCCESS","return_code":"SUCCESS","sign":"461F22D9A655166B876DF7D0E24D344A","time_end":"20170416083307","total_fee":"990","trade_type":"JSAPI","transaction_id":"4000452001201704167171026808"}  
[2017-04-16 08:33:07] production.INFO: pay_notify_wechat ["02201704160832103895"] 
[2017-04-16 15:22:25] production.INFO: send sms to 13931255652: 尊敬的用户，您的手机验证码是：479192，请勿向任何单位或个人泄漏。  
[2017-04-16 15:22:25] production.INFO: 0  
[2017-04-16 21:38:51] production.DEBUG: http://m.hrwq.com/wechat/notify?s=%2Fwechat%2Fnotify  
[2017-04-16 21:38:51] production.DEBUG: {"appid":"wx564b0f968fb2e7b0","bank_type":"CCB_DEBIT","cash_fee":"990","fee_type":"CNY","is_subscribe":"Y","mch_id":"1334760401","nonce_str":"58f373001d90d","openid":"ot3XZt74combvOXoH1RPFNz8GtbU","out_trade_no":"02201704162134557216","result_code":"SUCCESS","return_code":"SUCCESS","sign":"04C7C75C2B3A2665C89B4397F3A78FF6","time_end":"20170416213850","total_fee":"990","trade_type":"JSAPI","transaction_id":"4005572001201704167268832719"}  
[2017-04-16 21:38:51] production.INFO: pay_notify_wechat ["02201704162134557216"] 
